{"D:\\gitHub\\curso-Node\\02-bases\\src\\plugins\\http-client.plugin.ts": {"path":"D:\\gitHub\\curso-Node\\02-bases\\src\\plugins\\http-client.plugin.ts","all":false,"statementMap":{"0":{"start":{"line":1,"column":0},"end":{"line":1,"column":26}},"1":{"start":{"line":2,"column":0},"end":{"line":2,"column":0}},"2":{"start":{"line":3,"column":0},"end":{"line":3,"column":0}},"3":{"start":{"line":4,"column":0},"end":{"line":4,"column":28}},"4":{"start":{"line":5,"column":0},"end":{"line":5,"column":33}},"5":{"start":{"line":6,"column":0},"end":{"line":6,"column":33}},"6":{"start":{"line":7,"column":0},"end":{"line":7,"column":44}},"7":{"start":{"line":8,"column":0},"end":{"line":8,"column":20}},"8":{"start":{"line":9,"column":0},"end":{"line":9,"column":8}},"9":{"start":{"line":10,"column":0},"end":{"line":10,"column":40}},"10":{"start":{"line":11,"column":0},"end":{"line":11,"column":35}},"11":{"start":{"line":12,"column":0},"end":{"line":12,"column":9}},"12":{"start":{"line":13,"column":0},"end":{"line":13,"column":6}},"13":{"start":{"line":14,"column":0},"end":{"line":14,"column":46}},"14":{"start":{"line":15,"column":0},"end":{"line":15,"column":43}},"15":{"start":{"line":16,"column":0},"end":{"line":16,"column":6}},"16":{"start":{"line":17,"column":0},"end":{"line":17,"column":45}},"17":{"start":{"line":18,"column":0},"end":{"line":18,"column":43}},"18":{"start":{"line":19,"column":0},"end":{"line":19,"column":6}},"19":{"start":{"line":20,"column":0},"end":{"line":20,"column":36}},"20":{"start":{"line":21,"column":0},"end":{"line":21,"column":43}},"21":{"start":{"line":22,"column":0},"end":{"line":22,"column":6}},"22":{"start":{"line":23,"column":0},"end":{"line":23,"column":2}}},"s":{"0":1,"1":1,"2":1,"3":1,"4":1,"5":1,"6":1,"7":1,"8":1,"9":1,"10":1,"11":1,"12":1,"13":1,"14":0,"15":0,"16":1,"17":0,"18":0,"19":1,"20":0,"21":0,"22":1},"branchMap":{"0":{"type":"branch","line":6,"loc":{"start":{"line":6,"column":9},"end":{"line":13,"column":6}},"locations":[{"start":{"line":6,"column":9},"end":{"line":13,"column":6}}]},"1":{"type":"branch","line":6,"loc":{"start":{"line":6,"column":31},"end":{"line":13,"column":5}},"locations":[{"start":{"line":6,"column":31},"end":{"line":13,"column":5}}]}},"b":{"0":[1],"1":[1]},"fnMap":{"0":{"name":"get","decl":{"start":{"line":6,"column":9},"end":{"line":13,"column":6}},"loc":{"start":{"line":6,"column":9},"end":{"line":13,"column":6}},"line":6},"1":{"name":"post","decl":{"start":{"line":14,"column":10},"end":{"line":16,"column":6}},"loc":{"start":{"line":14,"column":10},"end":{"line":16,"column":6}},"line":14},"2":{"name":"put","decl":{"start":{"line":17,"column":9},"end":{"line":19,"column":6}},"loc":{"start":{"line":17,"column":9},"end":{"line":19,"column":6}},"line":17},"3":{"name":"delete","decl":{"start":{"line":20,"column":12},"end":{"line":22,"column":6}},"loc":{"start":{"line":20,"column":12},"end":{"line":22,"column":6}},"line":20}},"f":{"0":1,"1":0,"2":0,"3":0}}
,"D:\\gitHub\\curso-Node\\02-bases\\src\\plugins\\index.ts": {"path":"D:\\gitHub\\curso-Node\\02-bases\\src\\plugins\\index.ts","all":false,"statementMap":{"0":{"start":{"line":1,"column":0},"end":{"line":1,"column":0}},"1":{"start":{"line":2,"column":0},"end":{"line":2,"column":40}},"2":{"start":{"line":3,"column":0},"end":{"line":3,"column":40}},"3":{"start":{"line":4,"column":0},"end":{"line":4,"column":45}},"4":{"start":{"line":5,"column":0},"end":{"line":5,"column":62}}},"s":{"0":1,"1":1,"2":1,"3":1,"4":1},"branchMap":{"0":{"type":"branch","line":4,"loc":{"start":{"line":4,"column":8},"end":{"line":4,"column":45}},"locations":[{"start":{"line":4,"column":8},"end":{"line":4,"column":45}}]}},"b":{"0":[1]},"fnMap":{"0":{"name":"get","decl":{"start":{"line":2,"column":8},"end":{"line":2,"column":40}},"loc":{"start":{"line":2,"column":8},"end":{"line":2,"column":40}},"line":2},"1":{"name":"get","decl":{"start":{"line":3,"column":8},"end":{"line":3,"column":40}},"loc":{"start":{"line":3,"column":8},"end":{"line":3,"column":40}},"line":3},"2":{"name":"get","decl":{"start":{"line":4,"column":8},"end":{"line":4,"column":45}},"loc":{"start":{"line":4,"column":8},"end":{"line":4,"column":45}},"line":4},"3":{"name":"get","decl":{"start":{"line":5,"column":8},"end":{"line":5,"column":32}},"loc":{"start":{"line":5,"column":8},"end":{"line":5,"column":32}},"line":5}},"f":{"0":0,"1":0,"2":1,"3":0}}
}
