TN:
SF:src\plugins\http-client.plugin.ts
FN:6,get
FN:14,post
FN:17,put
FN:20,delete
FNF:4
FNH:1
FNDA:1,get
FNDA:0,post
FNDA:0,put
FNDA:0,delete
DA:1,1
DA:2,1
DA:3,1
DA:4,1
DA:5,1
DA:6,1
DA:7,1
DA:8,1
DA:9,1
DA:10,1
DA:11,1
DA:12,1
DA:13,1
DA:14,1
DA:15,0
DA:16,0
DA:17,1
DA:18,0
DA:19,0
DA:20,1
DA:21,0
DA:22,0
DA:23,1
LF:23
LH:17
BRDA:6,0,0,1
BRDA:6,1,0,1
BRF:2
BRH:2
end_of_record
TN:
SF:src\plugins\index.ts
FN:2,get
FN:3,get
FN:4,get
FN:5,get
FNF:4
FNH:1
FNDA:0,get
FNDA:0,get
FNDA:1,get
FNDA:0,get
DA:1,1
DA:2,1
DA:3,1
DA:4,1
DA:5,1
LF:5
LH:5
BRDA:4,0,0,1
BRF:1
BRH:1
end_of_record
